<?xml version="1.0" encoding="UTF-8"?>
<testng-results ignored="0" total="1" passed="1" failed="0" skipped="0">
  <reporter-output>
  </reporter-output>
  <suite started-at="2023-02-10T19:37:45 IST" name="Default suite" finished-at="2023-02-10T19:38:36 IST" duration-ms="50312">
    <groups>
    </groups>
    <test started-at="2023-02-10T19:37:45 IST" name="Default test" finished-at="2023-02-10T19:38:36 IST" duration-ms="50312">
      <class name="amazonpackage.Testngclass">
        <test-method is-config="true" signature="beforeClass()[pri:0, instance:amazonpackage.Testngclass@21282ed8]" started-at="2023-02-10T19:37:45 IST" name="beforeClass" finished-at="2023-02-10T19:38:21 IST" duration-ms="35472" status="PASS">
          <reporter-output>
          </reporter-output>
        </test-method> <!-- beforeClass -->
        <test-method is-config="true" signature="beforeMethod()[pri:0, instance:amazonpackage.Testngclass@21282ed8]" started-at="2023-02-10T19:38:21 IST" name="beforeMethod" finished-at="2023-02-10T19:38:22 IST" duration-ms="415" status="PASS">
          <reporter-output>
          </reporter-output>
        </test-method> <!-- beforeMethod -->
        <test-method signature="test()[pri:0, instance:amazonpackage.Testngclass@21282ed8]" started-at="2023-02-10T19:38:22 IST" name="test" finished-at="2023-02-10T19:38:36 IST" duration-ms="14024" status="PASS">
          <reporter-output>
          </reporter-output>
        </test-method> <!-- test -->
        <test-method is-config="true" signature="test5()[pri:0, instance:amazonpackage.Testngclass@21282ed8]" started-at="2023-02-10T19:38:36 IST" name="test5" finished-at="2023-02-10T19:38:36 IST" duration-ms="1" status="PASS">
          <reporter-output>
          </reporter-output>
        </test-method> <!-- test5 -->
        <test-method is-config="true" signature="test4()[pri:0, instance:amazonpackage.Testngclass@21282ed8]" started-at="2023-02-10T19:38:36 IST" name="test4" finished-at="2023-02-10T19:38:36 IST" duration-ms="1" status="PASS">
          <reporter-output>
          </reporter-output>
        </test-method> <!-- test4 -->
      </class> <!-- amazonpackage.Testngclass -->
    </test> <!-- Default test -->
  </suite> <!-- Default suite -->
</testng-results>
