<?xml version="1.0" encoding="UTF-8"?>
<!-- Generated by org.testng.reporters.JUnitXMLReporter -->
<testsuite ignored="0" hostname="DESKTOP-51VO000" failures="1" tests="2" name="Test3" time="134.379" errors="0" timestamp="2023-02-09T13:40:03 IST">
  <testcase classname="amazonpackage.CrossBrowsertesting" name="test" time="0.016"/>
  <testcase classname="amazonpackage.Testngclass" name="test" time="2.382">
    <failure type="java.lang.AssertionError" message="It is Wrong expected [Mumbai] but found [Facebook – log in or sign up]">
      <![CDATA[java.lang.AssertionError: It is Wrong expected [Mumbai] but found [Facebook – log in or sign up]
at amazonpackage.Testngclass.test(Testngclass.java:71)
at java.base/java.util.ArrayList.forEach(ArrayList.java:1511)
... Removed 32 stack frames]]>
    </failure>
  </testcase> <!-- test -->
</testsuite> <!-- Test3 -->
