<?xml version="1.0" encoding="UTF-8"?>
<!-- Generated by org.testng.reporters.JUnitXMLReporter -->
<testsuite ignored="0" hostname="DESKTOP-51VO000" failures="1" tests="2" name="Test" time="42.766" errors="0" timestamp="2023-02-10T16:04:06 IST">
  <testcase classname="amazonpackage.CrossBrowsertesting" name="test" time="0.027"/>
  <testcase classname="amazonpackage.Testngclass" name="test" time="0.015">
    <failure type="java.io.FileNotFoundException" message="&amp;quot;C:\Users\win10\OneDrive\Documents\Book1.xlsx&amp;quot; (The filename, directory name, or volume label syntax is incorrect)">
      <![CDATA[java.io.FileNotFoundException: "C:\Users\win10\OneDrive\Documents\Book1.xlsx" (The filename, directory name, or volume label syntax is incorrect)
at java.base/java.io.FileInputStream.open0(Native Method)
at java.base/java.io.FileInputStream.open(FileInputStream.java:216)
at java.base/java.io.FileInputStream.<init>(FileInputStream.java:157)
at java.base/java.io.FileInputStream.<init>(FileInputStream.java:111)
at utilis.utility.getDataFromExcel(utility.java:17)
at amazonpackage.Testngclass.test(Testngclass.java:81)
at java.base/java.util.ArrayList.forEach(ArrayList.java:1511)
... Removed 27 stack frames]]>
    </failure>
  </testcase> <!-- test -->
</testsuite> <!-- Test -->
